{"C:\\Users\\Serhii\\Desktop\\tasks\\task33\\task33\\src\\components\\ActionBtn\\ActionBtn.jsx": {"path":"C:\\Users\\Serhii\\Desktop\\tasks\\task33\\task33\\src\\components\\ActionBtn\\ActionBtn.jsx","statementMap":{"0":{"start":{"line":4,"column":4},"end":{"line":6,"column":5}}},"fnMap":{"0":{"name":"ActionBtn","decl":{"start":{"line":3,"column":9},"end":{"line":3,"column":18}},"loc":{"start":{"line":3,"column":36},"end":{"line":7,"column":1}},"line":3}},"branchMap":{},"s":{"0":8},"f":{"0":8},"b":{},"_coverageSchema":"1a1c01bbd47fc00a2c39e90264f33305004495a9","hash":"9d45ab4dddf08f0183f68efd15ce25cd2ce523cd"}
,"C:\\Users\\Serhii\\Desktop\\tasks\\task33\\task33\\src\\components\\Form\\Form.jsx": {"path":"C:\\Users\\Serhii\\Desktop\\tasks\\task33\\task33\\src\\components\\Form\\Form.jsx","statementMap":{"0":{"start":{"line":7,"column":28},"end":{"line":7,"column":40}},"1":{"start":{"line":8,"column":24},"end":{"line":10,"column":5}},"2":{"start":{"line":9,"column":8},"end":{"line":9,"column":20}},"3":{"start":{"line":11,"column":4},"end":{"line":18,"column":5}}},"fnMap":{"0":{"name":"Form","decl":{"start":{"line":6,"column":9},"end":{"line":6,"column":13}},"loc":{"start":{"line":6,"column":16},"end":{"line":19,"column":1}},"line":6},"1":{"name":"(anonymous_1)","decl":{"start":{"line":8,"column":24},"end":{"line":8,"column":25}},"loc":{"start":{"line":8,"column":29},"end":{"line":10,"column":5}},"line":8}},"branchMap":{},"s":{"0":1,"1":1,"2":0,"3":1},"f":{"0":1,"1":0},"b":{},"_coverageSchema":"1a1c01bbd47fc00a2c39e90264f33305004495a9","hash":"dd5c49942b495f1dc9b9587ac0bafdedacb367a9"}
,"C:\\Users\\Serhii\\Desktop\\tasks\\task33\\task33\\src\\components\\Input\\Input.jsx": {"path":"C:\\Users\\Serhii\\Desktop\\tasks\\task33\\task33\\src\\components\\Input\\Input.jsx","statementMap":{"0":{"start":{"line":6,"column":30},"end":{"line":6,"column":42}},"1":{"start":{"line":7,"column":24},"end":{"line":10,"column":5}},"2":{"start":{"line":8,"column":8},"end":{"line":8,"column":34}},"3":{"start":{"line":9,"column":8},"end":{"line":9,"column":21}},"4":{"start":{"line":11,"column":25},"end":{"line":13,"column":5}},"5":{"start":{"line":12,"column":8},"end":{"line":12,"column":33}},"6":{"start":{"line":14,"column":4},"end":{"line":19,"column":5}}},"fnMap":{"0":{"name":"Input","decl":{"start":{"line":5,"column":9},"end":{"line":5,"column":14}},"loc":{"start":{"line":5,"column":32},"end":{"line":20,"column":1}},"line":5},"1":{"name":"(anonymous_1)","decl":{"start":{"line":7,"column":24},"end":{"line":7,"column":25}},"loc":{"start":{"line":7,"column":30},"end":{"line":10,"column":5}},"line":7},"2":{"name":"(anonymous_2)","decl":{"start":{"line":11,"column":25},"end":{"line":11,"column":26}},"loc":{"start":{"line":11,"column":31},"end":{"line":13,"column":5}},"line":11}},"branchMap":{},"s":{"0":5,"1":5,"2":1,"3":1,"4":5,"5":1,"6":5},"f":{"0":5,"1":1,"2":1},"b":{},"_coverageSchema":"1a1c01bbd47fc00a2c39e90264f33305004495a9","hash":"f4cc4216afd0c516ddc7212b689c9979d870d61f"}
,"C:\\Users\\Serhii\\Desktop\\tasks\\task33\\task33\\src\\components\\List\\List.jsx": {"path":"C:\\Users\\Serhii\\Desktop\\tasks\\task33\\task33\\src\\components\\List\\List.jsx","statementMap":{"0":{"start":{"line":4,"column":4},"end":{"line":14,"column":5}},"1":{"start":{"line":8,"column":43},"end":{"line":8,"column":69}}},"fnMap":{"0":{"name":"List","decl":{"start":{"line":3,"column":9},"end":{"line":3,"column":13}},"loc":{"start":{"line":3,"column":22},"end":{"line":15,"column":1}},"line":3},"1":{"name":"(anonymous_1)","decl":{"start":{"line":8,"column":25},"end":{"line":8,"column":26}},"loc":{"start":{"line":8,"column":43},"end":{"line":8,"column":69}},"line":8}},"branchMap":{"0":{"loc":{"start":{"line":7,"column":13},"end":{"line":11,"column":13}},"type":"cond-expr","locations":[{"start":{"line":8,"column":16},"end":{"line":8,"column":70}},{"start":{"line":10,"column":16},"end":{"line":10,"column":35}}],"line":7}},"s":{"0":2,"1":3},"f":{"0":2,"1":3},"b":{"0":[1,1]},"_coverageSchema":"1a1c01bbd47fc00a2c39e90264f33305004495a9","hash":"bb7d54689a0a547a765d6ca7fca061813ba23e7f"}
}
