TN:
SF:src\components\ActionBtn\ActionBtn.jsx
FN:3,ActionBtn
FNF:1
FNH:1
FNDA:8,ActionBtn
DA:4,8
LF:1
LH:1
BRF:0
BRH:0
end_of_record
TN:
SF:src\components\Form\Form.jsx
FN:6,Form
FN:8,(anonymous_1)
FNF:2
FNH:1
FNDA:1,Form
FNDA:0,(anonymous_1)
DA:7,1
DA:8,1
DA:9,0
DA:11,1
LF:4
LH:3
BRF:0
BRH:0
end_of_record
TN:
SF:src\components\Input\Input.jsx
FN:5,Input
FN:7,(anonymous_1)
FN:11,(anonymous_2)
FNF:3
FNH:3
FNDA:5,Input
FNDA:1,(anonymous_1)
FNDA:1,(anonymous_2)
DA:6,5
DA:7,5
DA:8,1
DA:9,1
DA:11,5
DA:12,1
DA:14,5
LF:7
LH:7
BRF:0
BRH:0
end_of_record
TN:
SF:src\components\List\List.jsx
FN:3,List
FN:8,(anonymous_1)
FNF:2
FNH:2
FNDA:2,List
FNDA:3,(anonymous_1)
DA:4,2
DA:8,3
LF:2
LH:2
BRDA:7,0,0,1
BRDA:7,0,1,1
BRF:2
BRH:2
end_of_record
